<?xml version="1.0" encoding="UTF-8"?>
<!-- Generated by org.testng.reporters.JUnitReportReporter -->
<testsuite skipped="1" hostname="DESKTOP-V4TDRQS" name="runners.TestRunner" tests="1" failures="0" timestamp="24 Dec 2022 11:04:43 GMT" time="0.000" errors="0">
  <testcase name="feature" time="0.000" classname="runners.TestRunner">
    <skipped/>
  </testcase> <!-- feature -->
</testsuite> <!-- runners.TestRunner -->
